        0.112385        -1.57684       -0.250675
       -0.582954        0.217601       -0.337041
        0.612373        0.789453      -0.0414729
        0.726367         1.38503       -0.936419
       -0.341741        0.815696       -0.137017
         1.74731        0.534497       -0.448945
         1.44183       0.0302886        0.102526
        0.161281        0.289351       -0.792773
        -1.01273        0.943363        -1.17884
       -0.423561       -0.725494        -1.18914
        0.354339         1.35601         0.74516
       -0.368153        -0.51232        0.366605
         1.45812        -1.12166        0.649832
        0.686571        0.869612        0.175305
       -0.870271       0.0856203        0.568916
         1.81188       -0.728199        0.263666
       -0.111869        0.140027         1.94973
        -0.10821       -0.740357        0.644958
       -0.598336        0.859884       -0.649188
       -0.723241        -0.58642       -0.420284
         1.76221        0.506362        -2.45438
       -0.480964        -0.94681        -1.58875
        0.135478        0.833851        0.233254
         1.40299        0.384909        0.688187
        0.285767       -0.213277         1.06076
          1.6823         1.49606       -0.257219
       -0.265429       -0.378057       -0.936266
        0.702537      -0.0397579        -1.06416
         -1.0707        -1.25508         1.05619
        0.209489        0.117583        0.158193
       0.0716535        -1.59553       -0.909442
       -0.505753       -0.600175        0.251516
        0.130588        0.266696         1.81958
       -0.629589       -0.414867        0.841053
       -0.598218       -0.549645      -0.0821669
        0.785985         1.05223        0.275633
       -0.149468         1.53896       -0.250991
        -1.22437         0.77039        0.673308
        0.327982         1.16891         1.00579
      0.00701897       -0.416885         0.92901
         1.26359       -0.573202       -0.740532
       -0.067645         -1.0134         1.24291
         1.31553        0.513516       -0.994015
       0.0641479        0.548808       -0.735461
        0.657527        0.718418        -0.47128
       -0.923411        0.309388        0.876414
        -0.15521       -0.887975       -0.933408
        -1.51216        0.976069        0.958939
        -1.28026         1.45616      -0.0268285
         1.12486       -0.313823      -0.0855584
        0.448155       -0.767863       -0.414438
         -0.9471      -0.0478761       0.0337718
       -0.596053         1.18689       -0.167287
        0.603107       -0.294436        -1.80501
         0.66765        -1.01163        0.851916
       -0.790065        -1.06987       -0.266067
       -0.116033      -0.0347304        0.525222
         1.46106       -0.715662         1.16233
        -1.60246         1.36726        0.104447
       -0.574289          1.1611         2.47342
       -0.855228        -1.16979         1.03266
       -0.168836       -0.776829         1.22554
       -0.611195      0.00404763        0.304437
       -0.643981      -0.0127182      -0.0661814
          0.9553         1.49664       -0.944185
        0.188726        0.381582        0.181484
       -0.446273       -0.619851         2.90404
        0.602334        0.196604        -0.48659
       -0.672804        0.531985       -0.659811
       -0.304824          1.5232       -0.849075
       -0.785482        0.395475         1.42668
      -0.0661609        0.914108       -0.514677
         2.40313      -0.0755937       -0.443011
        -1.51944        0.841785       -0.559871
        -1.03431       -0.605844         2.53107
         1.46206       -0.358145       -0.732466
         1.16539       -0.389479       -0.600037
    -0.000355993       -0.508345       -0.615026
       -0.885646         -1.0769        0.488154
       -0.818907        0.247617       -0.728752
        0.522992        0.126469        -0.99458
           1.649       -0.536936       -0.102514
       0.0692105        0.316759        0.473359
       0.0864045        -1.00371       -0.268861
       -0.546705         0.15051        -1.75721
        0.010749       -0.278323        -2.22268
       -0.388233        -1.59349        0.716439
       -0.389052        -1.06034       -0.550088
        -0.02718        0.140098       -0.796838
         1.13762        0.521702        -1.06166
       -0.270939       -0.715986         1.32281
       -0.375869       -0.426307         1.30439
        -1.00684         1.12944        -1.08611
        -1.38791       -0.941514       -0.861618
        -2.27674       -0.232651        0.612313
        -1.35397        -1.21128        -1.18492
        -1.29931       -0.473698       -0.679661
       -0.165372         0.59198        0.566644
        0.724443       0.0575768       0.0365869
         -1.6457        -1.06677       -0.521463
       -0.458105        0.262891        0.353663
       -0.778434       -0.768197         0.17565
       -0.694885       -0.148597        -0.32101
        0.589718           1.052       -0.016188
         1.75128      -0.0825208         1.18377
        0.630207        -1.32378        0.580226
         1.27261        0.132899        0.137112
         1.06569        0.884063      -0.0554257
