0 0 0
1 1 0
2 1.41096 0.00699865
3 1.73292 0.00859538
4 2.00435 0.00994767
5 2.24829 0.0111667
6 2.46414 0.0122418
7 2.66109 0.0132164
8 2.84229 0.0141142
9 3.01208 0.014959
10 3.17717 0.0157798
11 3.32169 0.016494
12 3.4686 0.0172223
13 3.61367 0.0179432
14 3.75678 0.0186613
15 3.89117 0.0193218
16 4.00792 0.0198969
17 4.13246 0.0205188
18 4.24688 0.021092
19 4.36087 0.021662
20 4.48011 0.0222583
21 4.57598 0.022732
22 4.68587 0.023274
23 4.79531 0.0238165
24 4.89626 0.0243227
25 4.99854 0.0248424
26 5.08449 0.0252687
27 5.18772 0.0257778
28 5.29114 0.0262871
29 5.39129 0.0267828
30 5.47993 0.0272294
31 5.56809 0.0276706
32 5.65457 0.0280952
33 5.74364 0.0285363
34 5.83537 0.0289855
35 5.91941 0.0293944
36 6.00398 0.0298094
37 6.08298 0.0302088
38 6.17092 0.0306473
39 6.26351 0.031105
40 6.34276 0.0314884
41 6.4164 0.0318476
42 6.48931 0.0322116
43 6.56261 0.0325742
44 6.63667 0.0329389
45 6.70357 0.0332749
46 6.77529 0.0336342
47 6.83784 0.0339507
48 6.91536 0.0343368
49 6.98945 0.0347129
50 7.05205 0.0350293
51 7.1286 0.0354083
52 7.20357 0.0357871
53 7.26896 0.0361161
54 7.33609 0.0364596
55 7.4012 0.0367758
56 7.47333 0.0371354
57 7.53279 0.0374381
58 7.60396 0.0377851
59 7.67711 0.0381421
60 7.74795 0.0384979
61 7.81538 0.0388384
62 7.87994 0.03916
63 7.94911 0.0395
64 8.01415 0.039826
65 8.07882 0.0401532
66 8.14788 0.0404955
67 8.2016 0.0407654
68 8.26133 0.0410571
69 8.32644 0.0413778
70 8.39434 0.0417182
71 8.46836 0.0420853
72 8.51368 0.0423072
73 8.56238 0.0425447
74 8.62511 0.0428565
75 8.6802 0.0431288
76 8.74311 0.0434342
77 8.80139 0.0437271
78 8.8614 0.0440264
79 8.91177 0.0442824
80 8.97407 0.0445835
81 9.02762 0.0448546
82 9.08369 0.0451333
83 9.1435 0.0454248
84 9.2007 0.0457014
85 9.2527 0.0459556
86 9.3146 0.0462626
87 9.36375 0.0465125
88 9.42287 0.046805
89 9.48239 0.0471045
90 9.53153 0.0473462
91 9.59603 0.0476694
92 9.64559 0.0479119
93 9.70021 0.048184
94 9.74454 0.0484089
95 9.79976 0.0486992
96 9.85496 0.0489782
97 9.90412 0.0492303
98 9.96266 0.0495151
99 10.0132 0.0497588
100 10.059 0.049982
