0 0 0
1 1 0
2 1.40927 0.00698959
3 1.7312 0.008596
4 2.00838 0.0099733
5 2.24289 0.0111403
6 2.45243 0.0121812
7 2.64512 0.0131324
8 2.82995 0.0140489
9 2.99855 0.0148886
10 3.16127 0.0157008
11 3.31773 0.0164785
12 3.47625 0.0172599
13 3.61787 0.0179701
14 3.75818 0.0186661
15 3.89088 0.0193224
16 4.01987 0.0199582
17 4.13428 0.0205313
18 4.23897 0.0210528
19 4.34819 0.0215897
20 4.46435 0.0221684
21 4.56404 0.0226644
22 4.66461 0.0231683
23 4.76877 0.0236817
24 4.87038 0.0241942
25 4.97489 0.0247125
26 5.06699 0.025171
27 5.16315 0.025648
28 5.25704 0.0261102
29 5.36826 0.0266626
30 5.46155 0.0271311
31 5.54291 0.0275338
32 5.63274 0.0279704
33 5.71948 0.028402
34 5.81455 0.0288808
35 5.89344 0.0292678
36 5.97508 0.0296705
37 6.05167 0.0300543
38 6.11884 0.0303847
39 6.18781 0.0307287
40 6.2636 0.0311071
41 6.35595 0.0315677
42 6.43792 0.0319782
43 6.51338 0.032358
44 6.58267 0.0327093
45 6.65859 0.033085
46 6.73597 0.0334706
47 6.81435 0.0338662
48 6.88247 0.0342001
49 6.94472 0.0345167
50 7.01162 0.0348475
51 7.08236 0.035198
52 7.15234 0.0355391
53 7.21854 0.0358692
54 7.2808 0.036181
55 7.33917 0.0364658
56 7.40362 0.0367841
57 7.46485 0.0370883
58 7.53367 0.0374249
59 7.60501 0.0377766
60 7.66435 0.0380753
61 7.72452 0.0383612
62 7.78577 0.0386624
63 7.84519 0.0389575
64 7.91175 0.0392868
65 7.97383 0.0395934
66 8.03518 0.0398928
67 8.10082 0.0402216
68 8.16365 0.0405346
69 8.22005 0.0408187
70 8.28377 0.0411384
71 8.33973 0.0414132
72 8.3967 0.0416915
73 8.46035 0.0419993
74 8.51658 0.04228
75 8.57085 0.0425435
76 8.63639 0.0428695
77 8.68547 0.0431081
78 8.74731 0.0434109
79 8.81265 0.0437444
80 8.86194 0.0439912
81 8.91786 0.0442706
82 8.98031 0.0445711
83 9.04385 0.0448945
84 9.10067 0.0451804
85 9.14765 0.0454104
86 9.20183 0.0456764
87 9.25109 0.0459217
88 9.29684 0.0461513
89 9.34437 0.0463834
90 9.40102 0.0466686
91 9.45936 0.0469589
92 9.51816 0.0472462
93 9.57765 0.0475411
94 9.62638 0.0477847
95 9.67135 0.0480106
96 9.72268 0.0482641
97 9.77164 0.0485067
98 9.81499 0.0487213
99 9.86028 0.0489477
100 9.90425 0.0491714
