        -1.64252         2.01734         1.33084
       -0.610469      -0.0815043         1.61037
        0.724445       0.0864159        0.595574
       0.0630541        0.885566       -0.637683
      -0.0846937       -0.257654         1.47194
       0.0743473       -0.366831        -1.04859
       -0.496662         1.11401         1.10459
       -0.302405        0.649336        -1.00337
        0.255087         0.14016        0.510936
        -1.36913       -0.847885        -1.34342
        0.965445       -0.869974        -1.01459
         1.23481         1.83748       -0.261889
        0.469144        0.519409        0.091153
        -1.31867        0.217356         1.18077
       -0.609565       -0.647794        0.201207
         1.59927        0.727898       -0.279841
         1.95312       -0.481792        0.617027
       -0.961175       0.0736342        0.181929
         -1.2359        0.278256       -0.235183
       -0.460912        -1.24317        -1.88518
         1.27349         2.08903       -0.627807
        -1.89899         1.43774        0.840917
       -0.693188        0.709449        0.391228
         1.45544       -0.160632       -0.260632
        -0.18847       0.0419667        -1.03132
       -0.286442        0.531042        0.157265
       -0.774393         1.10575        0.288116
         1.41454          1.6134        0.642169
       -0.769477         1.82105        -1.49843
        0.454231       -0.596176       -0.989749
        -1.61704         1.29363        -1.92152
         0.12507         1.89771         2.74313
        -1.26862        0.191881         1.83564
         1.30312         1.48316         1.53483
        0.158736        -2.71741        0.342622
       -0.486346       -0.914119         1.03018
        -1.86098       -0.800397       -0.732818
        0.339099       -0.756594        -1.94871
        0.246475       -0.199612       -0.043836
        0.209246         1.36341        0.150786
       -0.386244       -0.899449        -1.53743
         1.04851         1.97599        0.506658
         -1.3635       -0.122386       -0.895137
        0.026491       0.0220796       -0.277086
        0.197217       -0.519245        0.466427
         1.31314         0.93154        0.391458
         1.93065          1.6475          0.5543
         1.22649        -1.14812        -2.28388
         1.55687        -1.00284     -0.00897257
        0.921729         2.01916       -0.691076
        0.620552        -1.07738       0.0117101
        -1.69483        -2.25246       0.0684135
        0.995451        0.412748       -0.808433
        -1.08654        0.871413       -0.621077
        -2.05906        0.411507       -0.274018
       -0.833607        -0.69031       -0.172359
        0.258379        0.602192       -0.413486
      -0.0710359       -0.473961        -1.12488
      -0.0388144       0.0491423          0.3429
         1.20451       -0.660271        -1.27956
        -1.11309        -0.57718        0.422057
        0.839901        0.409786        -1.18434
        -2.06319        0.436953          1.2803
      -0.0873863        0.277541        -2.68393
        -1.18667        0.343899         1.83234
       -0.454203          0.6454        -1.37524
         -1.3302         -2.2947        0.109499
       -0.785306        0.834701        -1.07048
        -1.29374        -2.17608        0.844448
       -0.181991       -0.249924        0.548269
        0.678755        0.886669        -1.06031
       -0.239274         1.43849        -1.29138
        -2.19111       -0.426679         1.12691
         1.31438        -1.00774         1.83337
        0.460462      -0.0481546         1.01617
         1.34322         1.67043           0.442
        -0.63971       -0.404934        -1.25333
          0.3735        -2.29836       -0.617022
        0.447113        -1.69812       -0.750507
        -1.11437       -0.610909       -0.168853
       -0.562786       -0.110314        -2.65277
         1.45696         1.46616      -0.0770525
       -0.846655        0.112896       -0.730781
         -0.4213         0.48307        0.173574
        0.287954         0.76747         3.06648
       -0.261582       -0.253885        0.112124
        0.732606         1.00986        0.267963
         1.32013        0.326504            0.41
        0.250988       -0.625249         1.24549
         0.79825       -0.648096        -1.06608
        0.224879        -1.69382        0.476287
        0.497886       -0.446023       -0.933921
         1.94913        -1.21261       -0.348256
        -1.35029        -1.03105        0.429902
         1.51139       -0.400004        -1.14478
        0.803496        -2.08685       0.0629803
        0.224391         1.12017         1.98307
          0.7571       -0.414645        -1.29713
        -1.38717        0.507271       0.0687504
        0.372995         2.03083          1.3866
       0.0571208        0.909359       -0.336875
       -0.807445        -1.63809        0.819616
       -0.105628        -1.04903        0.297069
         2.12468        -1.11088        0.379056
        0.219913         -1.8591         1.85559
        0.923309       -0.918312         3.75651
       -0.778274        -1.15106        0.375511
       0.0824044       -0.517015       -0.622046
