0  0.456646  0
1  0.502985  0.0463381
2  0.476028  0.0379788
3  0.496012  0.0334746
4  0.495708  0.0259311
5  0.492961  0.0213501
6  0.495493  0.0182208
7  0.494858  0.0157924
8  0.501828  0.0155744
9  0.506394  0.0146595
10  0.50445  0.0134017
11  0.50699  0.0124948
12  0.506744  0.0114962
13  0.507175  0.0106521
14  0.505479  0.0100606
15  0.508615  0.00991954
16  0.50896  0.00932417
17  0.507601  0.00889531
18  0.507688  0.00841457
19  0.505419  0.008299
20  0.504399  0.00795949
21  0.503605  0.00763052
22  0.502794  0.00733614
23  0.503193  0.00703511
24  0.504293  0.00683692
25  0.504593  0.00657556
26  0.505569  0.00640214
27  0.505949  0.00618093
28  0.506554  0.00599457
29  0.506531  0.00579135
30  0.505764  0.00565359
31  0.504886  0.00554407
32  0.506219  0.00553623
33  0.504607  0.00560763
34  0.504065  0.00547199
35  0.503789  0.00532493
36  0.504829  0.00528224
37  0.504561  0.0051483
38  0.504497  0.00501497
39  0.50366  0.00495924
40  0.503773  0.0048381
41  0.503827  0.00472181
42  0.503878  0.00461097
43  0.503199  0.00455578
44  0.50301  0.00445741
45  0.502786  0.00436517
46  0.502452  0.00428434
47  0.502301  0.00419685
48  0.502522  0.00411626
49  0.502191  0.00404667
50  0.502344  0.0039695
51  0.501825  0.00392692
52  0.502225  0.00387284
53  0.501589  0.00385337
54  0.501251  0.00379767
55  0.50102  0.00373638
56  0.501545  0.00370761
57  0.501032  0.00367909
58  0.500675  0.00363382
59  0.500854  0.00357725
60  0.499879  0.00365093
61  0.500704  0.00368513
62  0.500697  0.00362617
63  0.500935  0.00357699
64  0.501261  0.00353661
65  0.50124  0.00348267
66  0.502142  0.00354668
67  0.501995  0.0034972
68  0.502403  0.00347014
69  0.503536  0.00360314
70  0.503753  0.00355866
71  0.503759  0.0035089
72  0.50398  0.00346755
73  0.50309  0.00353417
74  0.503112  0.0034868
75  0.50356  0.00346965
76  0.503015  0.0034674
77  0.50354  0.00346261
78  0.503935  0.00344122
79  0.504052  0.00339997
80  0.504752  0.00342994
81  0.505084  0.00340408
82  0.504825  0.00337282
83  0.504764  0.00333299
84  0.504186  0.00334381
85  0.504168  0.00330475
86  0.504057  0.00326843
87  0.503582  0.00326578
88  0.503382  0.00323504
89  0.503583  0.00320521
90  0.502754  0.00327647
91  0.502306  0.00327154
92  0.502027  0.00324817
93  0.502016  0.00321345
94  0.501609  0.0032054
95  0.501519  0.00317311
96  0.501633  0.00314229
97  0.501401  0.00311871
98  0.501149  0.00309729
99  0.501214  0.00306686
