        -1.38253        0.399448       -0.649427
       -0.330347         0.24908        0.956417
        0.364297        0.908346        -1.20284
      -0.0414845       -0.225022        0.585296
        0.489566        -0.69484         -1.2514
         2.06021       -0.638515       -0.510522
       -0.570209        0.585803        0.879996
       -0.346429        0.590294        -2.29438
        0.965592       -0.493036       -0.246448
       -0.694995       -0.597464        0.892883
       -0.122362       0.0372043      -0.0320051
        0.359236        -1.08929         1.10509
       -0.604125        -1.50258         1.34525
         1.24791      0.00867052        0.743721
       -0.332211        0.876046        -1.69416
        -1.65437       -0.648893        -1.37809
       -0.177028        0.682562         1.81628
       -0.922262        -1.05102        -1.50654
         1.70669        0.533857       -0.769114
         1.87729       -0.727241        0.809446
       -0.555116       -0.343675        0.645722
        0.660939       -0.601459        0.377271
        0.532855       -0.690754        -1.80906
         1.12373      0.00166244        0.746579
        -1.19963      -0.0227928        -0.18005
        -1.29017        0.126775       -0.301546
        0.110807        0.271498        0.973327
        -1.04797         2.07391        0.951425
         1.11477          2.7863         1.09549
       0.0854091       -0.722697        -1.07852
         1.04418       -0.997898        0.376446
       -0.898503       -0.030838       -0.115048
        -1.92268         1.86518       -0.823529
        0.361105        -1.61097         1.65241
         1.45597        -2.08382         1.30183
        -1.43466       -0.331552        0.725514
        -2.35318        -1.69591        0.212358
        0.989771        0.386612         1.36573
          0.7692        -1.13301         2.51469
         1.53938       0.0702928        -1.43711
        -1.48397        0.721622        0.639898
       -0.928859       -0.173828          1.1211
        0.204939         2.29805        0.567999
        -1.17432        0.156503       0.0202653
        -1.51772       -0.509394        -1.66801
       0.0787969        0.554954        0.623012
        0.609596         1.27048         -1.8203
        -1.69065        0.447994        0.341747
       0.0410654         0.35068        0.201834
        0.115079        -1.05512         1.23259
       -0.407831         2.13247         1.21572
        0.351522       -0.240014        -1.55275
        0.476255       -0.301323       0.0192066
         0.82558         1.59476       -0.689466
         1.83551     0.000336974        -0.84398
         1.34522       -0.427164        -1.55152
        0.833916         1.55111         1.01123
      -0.0739515        -1.28437       -0.166243
        0.131203       0.0907431        -1.90543
        0.269019         1.11289        -2.01594
       -0.279673         1.25054       -0.732208
       -0.321573        -1.48665         1.85917
         -1.6355        0.242632         0.10154
       -0.149558       -0.160857        -1.22038
         1.70135        -2.33683        0.647002
       -0.958174        -1.28484        0.500746
       0.0813224        0.769313        0.073002
        0.276821       0.0349559         1.09324
        -1.36254        -1.67576       -0.195051
        -1.67135        0.832954       0.0900682
         1.72386          0.3762         1.49873
       -0.224602        0.656509         1.14872
        0.531464       -0.944985       -0.590322
       -0.109397       -0.940638         0.39482
       -0.233675       0.0204712         1.15177
       -0.315164        0.271385       -0.648816
        0.656217        -1.02614       -0.657447
        -2.23504       -0.463444        -2.53659
         -1.3792       -0.701905        0.327946
        0.111731        0.285165         1.91484
       0.0796331        -1.40903        0.424602
     -0.00695865       -0.285505        -1.13763
       -0.690847         1.04271       0.0764799
         1.78779         1.15315        0.120517
       -0.413936       -0.262887       -0.114564
       -0.586436       -0.184162       -0.772863
       0.0768699        0.689185        -1.82156
         -2.9081        -1.53266        -0.49669
         1.81847       -0.621302       -0.155526
         1.09206        0.992585          0.3993
           1.446         1.03019         1.68426
       -0.496539        -2.66352        -1.18195
         1.00365         -0.4238        -1.08248
        -0.72623        0.200027       -0.418109
         2.25278       -0.503784         1.38738
        -1.37995         1.91039        -1.98049
       -0.135501       -0.150662        0.125801
         0.13348        0.852629        -1.14796
       -0.696705         3.09102       -0.270111
        -1.55402        -1.20465        0.217778
       -0.775112        -1.59143      -0.0882774
         0.22612         1.04381        0.872861
       0.0141871        0.536979         1.83572
         1.09277      -0.0211488         1.56177
        0.184478        -0.45465        -0.22274
         0.76352        0.216727       -0.988074
         3.00271      -0.0995468       -0.207237
         0.36945         2.11965       -0.415337
