0 15.0455   0   5.51433   0   
1 14.8223   0.223266   5.46733   0.0470026   
2 14.818   0.128971   5.43484   0.0423311   
3 14.7949   0.0940869   5.46629   0.0434174   
4 14.8062   0.0737512   5.50465   0.0510099   
5 14.8699   0.0876308   5.48463   0.0462077   
6 14.9031   0.0811698   5.49446   0.0402699   
7 14.9136   0.0710741   5.47956   0.0379223   
8 14.939   0.0676561   5.45888   0.0393232   
9 14.9041   0.0698679   5.46097   0.0352337   
10 14.9093   0.0634128   5.44603   0.0351965   
11 14.8992   0.0587714   5.45161   0.0326097   
12 14.9141   0.0560816   5.45918   0.0309378   
13 14.8952   0.0552727   5.45557   0.0288696   
14 14.9149   0.0551248   5.45584   0.0268775   
15 14.9359   0.055685   5.45563   0.0251425   
16 14.9451   0.0530989   5.44665   0.0252673   
17 14.95   0.050301   5.4463   0.0238249   
18 14.9517   0.0476097   5.44496   0.0225756   
19 14.9573   0.0455134   5.45017   0.0220402   
20 14.9578   0.0432947   5.4501   0.0209645   
21 14.962   0.0414928   5.44772   0.0201298   
22 14.9712   0.0407045   5.44336   0.0197219   
23 14.974   0.0390754   5.44204   0.0189281   
24 14.9779   0.0376772   5.44021   0.0182475   
25 14.9807   0.0363083   5.44033   0.0175321   
26 14.9756   0.0353001   5.44559   0.0176698   
27 14.9858   0.0355132   5.4446   0.017056   
28 14.9804   0.0346967   5.44579   0.0165005   
29 14.9862   0.0340129   5.4454   0.0159456   
30 14.9831   0.0330398   5.44295   0.0156166   
31 14.9772   0.0325314   5.44192   0.0151556   
32 14.9765   0.0315379   5.44634   0.0153398   
33 14.9762   0.0305975   5.44647   0.0148824   
34 14.9692   0.0305286   5.45003   0.0148816   
35 14.9653   0.0299301   5.44915   0.0144886   
36 14.9679   0.0292277   5.45103   0.0142159   
37 14.9671   0.0284598   5.45153   0.0138459   
38 14.9577   0.029261   5.4549   0.0138994   
39 14.9523   0.029024   5.45949   0.0143052   
40 14.9479   0.0286456   5.46124   0.0140617   
41 14.9459   0.0280267   5.46201   0.0137444   
42 14.945   0.0273839   5.46165   0.0134258   
43 14.941   0.0270456   5.45795   0.0136291   
44 14.9457   0.0268543   5.45755   0.0133287   
45 14.9529   0.0272199   5.45423   0.0134516   
46 14.9516   0.0266628   5.45693   0.013435   
47 14.9486   0.026273   5.45952   0.0134053   
48 14.9464   0.0258331   5.46201   0.013362   
49 14.9436   0.0254626   5.46229   0.0130952   
50 14.947   0.0251893   5.46174   0.0128477   
51 14.9472   0.024701   5.46107   0.0126165   
52 14.9486   0.0242713   5.45868   0.0126037   
53 14.9546   0.0245592   5.45809   0.0123821   
54 14.9571   0.0242351   5.45739   0.0121749   
55 14.9565   0.0238039   5.46064   0.0123876   
56 14.948   0.0248895   5.46441   0.012741   
57 14.9514   0.0246855   5.46337   0.0125625   
58 14.9474   0.0245941   5.46415   0.0123722   
59 14.9442   0.0243828   5.46378   0.0121697   
60 14.9418   0.0241052   5.46655   0.0122847   
61 14.9398   0.0237951   5.46654   0.0120849   
62 14.9377   0.0235069   5.46656   0.0118916   
63 14.9428   0.0236825   5.46456   0.0118739   
64 14.9456   0.0234896   5.46528   0.0117123   
65 14.9446   0.0231524   5.46434   0.0115721   
66 14.9459   0.0228381   5.462   0.011635   
67 14.9466   0.0225107   5.46316   0.0115215   
68 14.9536   0.0232587   5.46158   0.0114639   
69 14.9568   0.0231551   5.46219   0.0113158   
70 14.9573   0.0228319   5.46362   0.0112462   
71 14.9568   0.0225175   5.46319   0.0110972   
72 14.9622   0.0228377   5.46373   0.0109572   
73 14.9625   0.0225302   5.46403   0.0108124   
74 14.965   0.02236   5.46486   0.0106994   
75 14.9662   0.0220962   5.46509   0.0105601   
76 14.9665   0.0218094   5.46384   0.010497   
77 14.9673   0.0215456   5.46503   0.0104304   
78 14.9683   0.0212936   5.46329   0.0104432   
79 14.9691   0.0210416   5.46392   0.0103309   
80 14.9671   0.020878   5.46413   0.0102046   
81 14.9664   0.0206353   5.46397   0.0100805   
82 14.9694   0.0206063   5.46388   0.00995878   
83 14.9701   0.0203726   5.46322   0.00986167   
84 14.9657   0.0206188   5.46319   0.009745   
85 14.9676   0.0204722   5.46219   0.00968301   
86 14.9674   0.0202364   5.46256   0.00957804   
87 14.9647   0.0201893   5.46349   0.00951435   
88 14.9691   0.0204375   5.46136   0.00964499   
89 14.9721   0.0204235   5.46202   0.00956014   
90 14.9752   0.0204367   5.46384   0.00962821   
91 14.9751   0.0202137   5.46383   0.00952298   
92 14.9764   0.0200385   5.46325   0.00943806   
93 14.9763   0.0198243   5.46294   0.00934216   
94 14.9746   0.0196878   5.46169   0.00932787   
95 14.9738   0.0194979   5.4632   0.00935271   
96 14.9697   0.0197335   5.46256   0.00927787   
97 14.9686   0.0195614   5.4627   0.00918375   
98 14.9678   0.0193776   5.46158   0.00915834   
99 14.9643   0.0195096   5.4606   0.00911998   
