0 15.1472   0   5.52061   0   
1 15.0108   0.136338   5.53103   0.0104224   
2 15.1054   0.123015   5.46281   0.0684903   
3 15.0983   0.0872706   5.48075   0.0516474   
4 14.9673   0.1474   5.50595   0.0472824   
5 14.9441   0.122582   5.47392   0.0501631   
6 14.966   0.105889   5.46444   0.0434438   
7 14.9983   0.0972427   5.47031   0.038079   
8 14.9889   0.0862762   5.47171   0.0336118   
9 14.9628   0.0814652   5.48969   0.0350277   
10 14.9159   0.0873217   5.49275   0.0318313   
11 14.9218   0.0799258   5.49456   0.0291144   
12 14.9329   0.0743588   5.49794   0.0269931   
13 14.9165   0.0707611   5.50497   0.0259615   
14 14.9097   0.0662309   5.51146   0.0250252   
15 14.9311   0.0655607   5.50781   0.0236923   
16 14.9486   0.0640327   5.49526   0.0255512   
17 14.9422   0.0607157   5.50153   0.0248933   
18 14.9769   0.0671336   5.49811   0.0237936   
19 14.9747   0.0637282   5.49271   0.0232104   
20 14.9605   0.0622588   5.4902   0.0222193   
21 14.9414   0.0623595   5.48898   0.0212202   
22 14.9503   0.0602502   5.48964   0.0202871   
23 14.9611   0.0586872   5.48502   0.019964   
24 14.9651   0.0564316   5.47819   0.0203306   
25 14.9657   0.0542213   5.47717   0.0195596   
26 14.9673   0.0521989   5.4784   0.0188612   
27 14.9699   0.0503644   5.47768   0.0181895   
28 14.9579   0.0500466   5.47982   0.0176814   
29 14.9541   0.0484986   5.47777   0.0172045   
30 14.9597   0.0472426   5.47853   0.0166575   
31 14.953   0.0462309   5.48223   0.0165492   
32 14.9498   0.0449223   5.4806   0.0161227   
33 14.9585   0.0444372   5.47939   0.0156884   
34 14.9635   0.0434347   5.47618   0.0155683   
35 14.9634   0.042211   5.47462   0.0152092   
36 14.9553   0.0418514   5.47614   0.0148698   
37 14.9567   0.0407578   5.48117   0.0153217   
38 14.9494   0.0403586   5.48571   0.0156012   
39 14.9446   0.0396232   5.48514   0.015217   
40 14.9491   0.0389028   5.48373   0.0149079   
41 14.9395   0.0391747   5.48793   0.0151431   
42 14.9351   0.0384951   5.48929   0.0148492   
43 14.9381   0.0377254   5.48845   0.014532   
44 14.9338   0.0371248   5.48789   0.0142166   
45 14.9398   0.0367977   5.48721   0.0139207   
46 14.9336   0.0365361   5.48763   0.0136277   
47 14.9264   0.0364842   5.48812   0.0133498   
48 14.9285   0.0357961   5.48761   0.0130845   
49 14.926   0.0351653   5.4881   0.0128294   
50 14.925   0.0344833   5.48793   0.0125764   
51 14.9224   0.0339091   5.48855   0.0123481   
52 14.925   0.0333572   5.48797   0.012127   
53 14.9258   0.0327451   5.48942   0.0119889   
54 14.9279   0.0322116   5.48816   0.0118363   
55 14.9301   0.0317104   5.48832   0.0116241   
56 14.93   0.0311493   5.48883   0.0114299   
57 14.9284   0.0306505   5.48871   0.0112318   
58 14.9318   0.0303216   5.48823   0.0110504   
59 14.9334   0.0298539   5.48955   0.0109449   
60 14.9359   0.0294642   5.48942   0.0107648   
61 14.9347   0.0290105   5.48889   0.0106029   
62 14.9331   0.0285907   5.48774   0.0104966   
63 14.9365   0.0283477   5.4884   0.0103524   
64 14.9367   0.0279089   5.48687   0.0103062   
65 14.9341   0.0276082   5.4863   0.0101647   
66 14.937   0.0273481   5.48564   0.0100338   
67 14.9403   0.0271457   5.48514   0.00989764   
68 14.9395   0.0267616   5.48588   0.0097812   
69 14.9424   0.0265306   5.48419   0.00978809   
70 14.9413   0.0261745   5.48346   0.00967703   
71 14.9467   0.0263642   5.48107   0.00983603   
72 14.9505   0.0262696   5.47949   0.00982804   
73 14.9526   0.0260034   5.47946   0.00969437   
74 14.9527   0.0256544   5.47889   0.0095814   
75 14.954   0.0253507   5.47903   0.00945553   
76 14.9529   0.0250454   5.47777   0.00941627   
77 14.9531   0.0247237   5.47578   0.00950486   
78 14.9563   0.0246074   5.47539   0.00939181   
79 14.9568   0.0243036   5.47372   0.00942287   
80 14.9543   0.0241295   5.47399   0.00930963   
81 14.9521   0.0239349   5.47386   0.00919636   
82 14.9528   0.0236534   5.47259   0.00917209   
83 14.9492   0.0236434   5.47429   0.00921878   
84 14.9532   0.0237013   5.47338   0.00915436   
85 14.9534   0.0234251   5.47411   0.00907651   
86 14.9548   0.0231996   5.47405   0.0089718   
87 14.956   0.0229626   5.47432   0.00887344   
88 14.9572   0.0227356   5.4736   0.00880259   
89 14.9581   0.0225018   5.47444   0.00874444   
90 14.9531   0.022812   5.47688   0.00898617   
91 14.9528   0.0225643   5.47791   0.0089476   
92 14.9511   0.0223919   5.47973   0.00903572   
93 14.9495   0.0222067   5.47765   0.00917816   
94 14.9497   0.0219725   5.4765   0.00915343   
95 14.9493   0.021746   5.4749   0.0091982   
96 14.9475   0.0215932   5.47597   0.00916536   
97 14.9484   0.0213902   5.47494   0.00912912   
98 14.9457   0.0213424   5.47532   0.00904438   
99 14.9449   0.0211423   5.47639   0.00901685   
