        -0.53508       -0.707625         0.61405
       -0.976973         2.98817        0.980608
          -1.761       -0.329833        0.688803
       -0.214323        -2.38209        0.388779
       -0.106269       -0.545695       0.0503491
       -0.110049        -1.28265       -0.834378
        0.910502       -0.911768        0.148965
       -0.493929        0.297057        -0.91248
        0.424204        0.924593        0.993948
        0.502386         1.13122        0.908434
         1.00479       -0.108196         1.57609
         1.28023       -0.995999        -1.17683
       -0.691443       -0.542855       -0.700169
         -1.0747     -0.00390458        0.364282
       -0.171305        -1.12649        0.307784
       -0.545583       -0.989821       0.0152331
       -0.307723       -0.769922         2.00317
        0.589096      -0.0744079        0.147899
        0.314947        0.585783        0.267347
        0.729572        -1.35144        0.472464
         1.76694         1.30409        0.706806
        -0.32492       -0.683532        0.870489
        0.252939       -0.570943        0.349851
       -0.621699        0.533553        -2.25002
        -1.64776        0.106066       -0.127788
       -0.521903        0.303728       -0.594446
         0.45343        0.838937         0.40238
        -1.34136         1.04161        -0.25802
       -0.176908        0.242819        0.442727
       -0.403361        0.109565         1.63723
        0.828304        0.832452         1.52872
        0.384493        0.508006        -1.20399
        0.217463       -0.496053        0.600737
        0.406938       -0.258319       0.0686552
        -0.88719       -0.715095        0.386999
        0.760422         1.55605        -2.04865
         0.68381        0.374987        0.148776
        0.155468       -0.567332        -1.08641
          1.2632        0.147426       -0.457531
         1.20248       -0.674084        0.737529
         1.74059        0.633877        0.763147
       -0.384167         1.29867       -0.571605
       -0.098313        -0.46445       -0.700878
       -0.232718       -0.372591       -0.304945
       -0.195631        -1.01686        0.424747
        0.364087       -0.538036       0.0219488
       -0.205382        0.976104        -0.86405
       -0.198835        0.291982       -0.144706
      -0.0990226         1.24847        0.488491
        0.410755       -0.767621        0.710766
         2.18249         -0.3588         -1.0426
         1.43605     -0.00731003        -1.17464
       -0.574571        -0.17813        0.120491
        -2.07166       -0.877839        0.652335
       -0.818105       -0.151754        -1.54005
        -1.58411       -0.648083        -1.10157
         1.53011        0.296667       -0.573905
        -1.19852        0.159377       -0.384948
         1.95125        0.204204       -0.645863
        0.430473       -0.204982        0.129278
        -0.72913       -0.771247       -0.149685
        0.986013        0.211789        0.224205
       0.0690646         1.14761       -0.458014
         1.31136        0.764319       0.0378432
       -0.977063      0.00833442       -0.309003
        -1.96448       -0.407569         1.19207
        -1.16105         0.73775        0.395041
        0.711487         1.06104        -1.10507
         1.08558       -0.630864        -1.10484
         1.05359         1.03897        -1.67909
        0.016463         0.92979      -0.0574772
        -1.09676        0.324196       0.0305534
        0.462001        0.151328       -0.430681
       0.0297632       -0.914445        0.537903
       -0.362993        -1.14524       -0.152263
        -1.02021        0.366569        0.562316
        -1.77075       0.0961784        0.365811
        -0.72685        0.433617        -1.00797
       -0.320202        -1.24642       -0.928092
       -0.593619         1.03841        -1.61907
        -1.08447         1.01168      -0.0476875
         0.99388        -1.33763        0.270787
        0.957485        -1.85188        -1.21267
        0.533197      -0.0122954       -0.273783
       -0.181244        -0.20643        0.222035
        0.892789        0.778863        0.406212
          1.3736        -1.09179         2.02939
       -0.184224       -0.593894        0.215088
       -0.814588       -0.016927        -0.42643
        -1.37546        0.344034         1.10158
        0.752777        0.940938        -1.60897
        0.285306         1.06478        0.877897
        0.686474       -0.358428         0.23903
         -1.0474        -0.11151        0.318459
      -0.0943028        -0.58134        0.410301
       0.0747308       -0.389647         1.22953
         -0.0233        -2.07878       -0.261233
         0.40744        0.808546         -1.8432
        0.310794        0.521134        0.996463
        -1.50134        0.224836        0.428239
         1.54204         2.73354        0.816151
       0.0806128       -0.118146       -0.358128
        0.161167        -1.02651        0.183525
       -0.878471        0.333325        0.246477
       -0.554641        0.435218          1.2521
        0.399748      -0.0615203        0.946947
        -1.69695       -0.514278       -0.740776
         1.37923        0.699045       -0.181666
