         1.49989       -0.717311       -0.122362
         0.12571        0.101753       -0.346005
       -0.238825       -0.345719       -0.134989
       -0.447572       -0.418984        0.457556
       -0.364521         1.15265        -0.23736
        0.331057       -0.556786        0.448608
        0.629201         1.13482       0.0368405
        -1.50187       -0.856616        0.548102
       -0.216499        -0.90532       -0.357695
       -0.753695       -0.593089        -1.36137
        0.505605        0.293002        0.361632
      0.00560933       -0.688129       -0.380953
       -0.342189       -0.511932       -0.137919
       -0.374152        0.670952        0.140983
       -0.197577         1.08368       -0.785935
        -0.92818       -0.445627         1.00286
        0.785911         0.24822       -0.698813
         1.15548        -1.62737        -2.03452
       0.0497278         1.49752        0.770917
       -0.402432       -0.208921      -0.0346572
        -1.67936        -0.71267       -0.840741
       -0.303637        -1.03929        0.172007
       0.0952371        0.176988      -0.0737205
        0.992595         1.04654       -0.186514
       0.0524036         0.70431       -0.135306
        0.704286        0.294809         1.09642
        0.677778       -0.803651         -1.3998
        -1.47998        0.284188       -0.700913
        0.973466        0.494608        0.418486
        0.507807        0.456024         1.16134
        0.410987        0.474093        0.339075
        -1.05096       -0.574815       -0.109121
       -0.149638        -1.24598       -0.866958
       -0.505308         0.32539        0.134808
       -0.239738        0.971913       -0.736838
     -0.00158712       -0.792564       -0.226998
       -0.416526       -0.567549        0.483848
        -1.13264      -0.0363356        0.339824
        0.300371        0.823227       -0.498074
         1.54874        0.606265       -0.351759
       -0.304374        0.281902        0.782412
       -0.466585        0.465365       -0.297149
        -1.22814       -0.997807        0.174072
         1.05092         1.16856        0.977743
        0.352309       -0.830741         1.90062
       -0.389697        0.359969      -0.0307491
        0.145424         1.24083      -0.0472114
         0.20039        0.185616        -0.68772
      -0.0429803        0.763595        -1.40714
       -0.549467       -0.708117        0.738359
        -1.37235       -0.454701        0.832345
       -0.320266       0.0536855        -1.29799
        0.482112        0.431594       -0.184328
        0.259687         0.74891       0.0649703
         1.11771       -0.611386        0.906443
        -0.28561       -0.398236       -0.817985
        0.983932        0.136552       -0.447368
       -0.809007        -1.88259       -0.370414
        0.874031        0.534218         -0.5208
        0.473023         1.70796        0.599459
        0.377154        0.178431        0.464512
       -0.224524        0.720613       -0.216428
        0.862665       -0.470133        0.462274
       -0.509617        -1.12699        0.791841
      -0.0088904       -0.310364        -0.36202
        0.298378        0.566844         1.34057
       0.0917066       -0.251966       -0.287741
       -0.189972       -0.995379        0.405481
       -0.206871       -0.300922       -0.458954
        0.644885         1.76572         -0.1982
        -0.79088       -0.473225       -0.649447
       -0.162269       -0.548447      -0.0444528
        0.466082        0.895103      -0.0846692
       -0.787109        -0.11395       -0.423643
        0.141524       -0.173969       0.0342893
        0.398485        0.075448       -0.923174
         0.15575        0.730237       -0.486008
        0.349404       -0.453431         1.10317
       0.0497359       -0.687189        0.191069
       -0.610049        0.421309        0.872247
       -0.490368        0.180818       -0.781442
        0.446505        0.779385        0.080292
       -0.834427      -0.0784901      -0.0658265
        0.270509       -0.320124         1.23577
        0.202075        0.354512        0.605252
       -0.797116        0.484038        0.586259
        0.327988        0.059078       -0.231666
        0.263352       -0.282775       0.0657166
       -0.534849       -0.574588        -1.07544
       -0.948559        -2.06336         0.67479
        0.558945         -0.2846         0.11074
        0.421789        0.662531          0.6178
        0.807459      -0.0466656       -0.630363
        0.476871        0.312443       -0.350986
         1.09254        0.237788        0.210595
       -0.394656       -0.682397         1.66814
        0.791955       0.0225029          1.5027
       -0.714358        0.128653       -0.133785
       -0.857671        0.951969       0.0302993
          1.5052       0.0560618       -0.913152
       -0.580906        -1.15561        0.846451
         0.26757        -0.65903        0.131716
       -0.378773        -0.44301        0.149177
         1.88426        0.669994       -0.298504
       -0.853141        0.907793        -1.32805
       -0.555233       -0.687682        0.994531
       -0.447289       0.0472677       -0.952719
       -0.071293        0.588285       -0.300574
