        -2.02938         -1.1933        0.196468
       -0.523456       -0.507512       -0.814581
       -0.678867           2.023       -0.995443
        0.306839       -0.983147        0.535263
      -0.0614871         1.75261        0.481474
         1.12269      -0.0780241       -0.921879
        0.679423       -0.149412       0.0249532
         0.57161       0.0111078        0.939538
       0.0473055         1.16761        -1.51435
       -0.797292       -0.157933      -0.0270528
        -2.12914        0.286931       -0.529154
        0.405495        0.250745        0.959965
       -0.643145        -1.98931       -0.553384
         0.60759         0.44701        0.382186
        -1.06814         1.27099        0.924257
       -0.393384        0.172287       -0.698232
        0.295551        0.403307       -0.907958
       -0.929168         1.24849         3.28351
         1.47394        0.016827          1.1243
       -0.631187         1.30413        0.123421
        -2.19002        0.347475        0.255738
        -1.53609        -1.31653        -1.69566
      -0.0239569         -2.6373        -1.11334
        0.991329       -0.244579       -0.804373
       -0.125603       -0.350079     -0.00506051
       -0.762087        0.789157        0.375345
       0.0444623         1.02457       -0.833508
        0.242322        0.073228        0.580116
        0.415211         -0.5207        0.825665
        0.423318        0.445508         1.18509
        0.416455      -0.0552655       -0.216724
        0.168368        0.757914        -1.36923
        0.475871         1.74534       -0.604546
        0.173509         2.30568        -1.32258
        0.732283        -1.29115         0.23105
        -1.40414       -0.305766       -0.356601
         1.02811         -1.2072       -0.331929
       -0.156849        -1.24381          1.1784
       -0.669364        0.631889       -0.571094
         0.33735        -1.68115        0.170051
       -0.463135       -0.590843        0.673199
         1.29818      -0.0527444        -1.19047
         1.74788         1.63468       -0.980993
         0.79233       -0.805616        -2.32613
       -0.804944        0.476775       -0.151705
       -0.464392        -0.70037        0.162892
       -0.253446        -1.03842        -1.26135
         1.31804        -1.60605         -1.2517
        0.146947      -0.0263416        0.693498
         1.01427         0.39119        -0.30718
        0.707316        0.421371       -0.857573
        0.425553        0.217211        -1.38697
        -2.13906       -0.173539         0.30056
         1.13336        0.495294          1.1058
        -2.18749        -0.20716       -0.675817
         1.15249       0.0421413          2.2632
         1.56255        0.965291       0.0380249
     -0.00377548       -0.857849         1.65309
        -1.43007        0.352048         1.37275
         2.71174        0.767804         0.32527
      -0.0840541         1.38123       -0.619505
        -0.96943        -1.19345         1.71512
         2.11856         1.27788         2.20812
         1.45568        -1.10064        0.470264
        -1.97164        0.812219        0.902759
        -1.44101       -0.445374        -0.55013
          -1.235        0.775458        0.995218
        0.965913       -0.296579         1.53545
        0.251164        -1.75801        -2.80424
         1.27542        0.416694        -1.09064
        -1.25412         1.33335       -0.860628
       -0.842981        0.499549        -1.77231
         1.20925       -0.379461        -1.01335
       -0.719942        0.232295        -3.20984
        0.311435         -1.3125      -0.0697875
         0.51412       0.0603173        0.735633
        -1.02899        -2.14076        0.200002
      -0.0444221        0.702124        -1.89081
       -0.252284        0.376724         1.05192
        0.103989        0.126371        0.197083
       -0.322512         1.37925        -1.05771
        -1.17219        0.396983        0.415681
        0.730217        -2.56392         -1.9674
        0.604883        0.580623        -1.59224
        -0.84076        0.077075         1.23913
       -0.100005        0.708599        0.638634
         0.27602       -0.417452       -0.877272
        0.931128       -0.864613        0.358608
         1.94024        -1.37125         1.49516
       -0.455624        0.417783        0.194497
       -0.105372         1.26863         1.27902
       -0.087112         2.87317        -1.27009
      -0.0664273        0.190695       -0.547104
        0.292358        -1.71495        0.080538
        -1.20563        -1.37349       0.0825174
        -1.35056        0.793677         1.21288
      -0.0992568        -2.72792        0.020958
       -0.995521        -1.41723       -0.127118
          1.9528         1.09023          0.9576
        -0.57369      -0.0215199        -1.61373
       -0.357366       -0.694041       -0.604593
         0.17317        -2.41081         1.83174
       -0.524735        -1.12849         1.67758
        -0.40026         3.07766         2.47795
         1.52857      -0.0748977          1.3913
         1.23757       0.0838503         1.14701
       -0.059789        0.681043        0.352646
        0.217609         1.52534        0.884975
