0  3.13858  0
1  3.15516  0.0165747
2  3.14191  0.0163439
3  3.13905  0.011905
4  3.13482  0.0101466
5  3.13054  0.00932309
6  3.12932  0.00797394
7  3.12827  0.00698437
8  3.12971  0.00632605
9  3.1325  0.00630856
10  3.13235  0.00570848
11  3.1333  0.00529725
12  3.1358  0.00547881
13  3.13424  0.00530702
14  3.13715  0.00573011
15  3.13592  0.00549752
16  3.13546  0.00518434
17  3.13447  0.00498763
18  3.13456  0.00471873
19  3.1346  0.00447674
20  3.13572  0.00440231
21  3.13519  0.00423015
22  3.13472  0.00406962
23  3.13638  0.00423592
24  3.13592  0.00408948
25  3.13588  0.00392925
26  3.13532  0.0038227
27  3.13518  0.00368616
28  3.13506  0.00355885
29  3.13516  0.00343972
30  3.13551  0.0033447
31  3.13689  0.00352318
32  3.1369  0.00341475
33  3.13757  0.00338091
34  3.1372  0.0033042
35  3.13801  0.00331136
36  3.13842  0.00324696
37  3.13917  0.00324717
38  3.13959  0.00319099
39  3.13917  0.0031387
40  3.13937  0.00306789
41  3.1395  0.00299659
42  3.13931  0.00293219
43  3.13903  0.0028785
44  3.13926  0.00282379
45  3.13923  0.00276189
46  3.13942  0.00270925
47  3.13957  0.00265605
48  3.13994  0.00262765
49  3.13969  0.00258619
50  3.13901  0.00262559
51  3.13869  0.00259396
52  3.13834  0.00256944
53  3.13827  0.00252228
54  3.13797  0.00249398
55  3.13806  0.0024506
56  3.13775  0.0024265
57  3.13788  0.0023878
58  3.13821  0.00236927
59  3.13878  0.00239849
60  3.1385  0.00237544
61  3.13872  0.00234775
62  3.13822  0.00236496
63  3.13811  0.00233028
64  3.13782  0.00231281
65  3.13744  0.00230848
66  3.13732  0.002277
67  3.13757  0.00225766
68  3.13796  0.00225831
69  3.13777  0.00223415
70  3.13782  0.002203
71  3.1376  0.0021831
72  3.13794  0.00218061
73  3.13836  0.00219116
74  3.13859  0.00217403
75  3.13846  0.0021494
76  3.13857  0.00212403
77  3.13891  0.00212498
78  3.13895  0.00209824
79  3.13906  0.00207459
80  3.13886  0.00205856
81  3.13896  0.0020362
82  3.13905  0.00201353
83  3.13928  0.00200265
84  3.13987  0.00206316
85  3.1397  0.00204574
86  3.14007  0.00205533
87  3.13978  0.00205245
88  3.14007  0.00204935
89  3.13978  0.00204599
90  3.13996  0.00203089
91  3.14019  0.00202138
92  3.14036  0.00200699
93  3.14047  0.00198868
94  3.14098  0.00203335
95  3.14105  0.0020132
96  3.14079  0.00200999
97  3.14063  0.00199561
98  3.14055  0.00197703
99  3.14048  0.00195821
