         1.06979        -1.66469        -1.72624
         1.25952        -0.60952       -0.403295
    -0.000794568        -2.61384       -0.269224
        0.103831       -0.198364        0.835845
       -0.635785       0.0781075      -0.0785297
      -0.0862051         2.28763        0.332762
         1.54163        -2.02225       -0.525923
        0.208458       -0.572334        0.742785
        0.542861       -0.141822        -2.28963
        0.344457        0.719175         1.07145
        0.439235         0.67066       -0.449935
        -1.03179        0.698873        0.412488
        0.882888         1.05775        -1.56664
        0.968241        0.745849        0.154707
       0.0908465         2.48404        -1.37564
         1.73936       -0.275671       -0.885308
       -0.212882        -1.80413         1.04581
       -0.734676        0.274886        0.251197
       -0.209981        0.810895        0.327362
          -1.073      -0.0698469         1.01852
        0.861319        0.960364        -1.07342
        -1.51386      -0.0361338        -1.56251
         0.50465       0.0561228       -0.905773
        0.465621        -1.96828        -1.27694
       -0.102838         3.04238        0.501337
       -0.283446       -0.545427        -1.01123
             1.9        0.482618        0.300242
         1.79193        0.985872        0.249445
        0.687949        0.923573        0.338025
        0.748185        0.639563       -0.291244
        0.684621        -1.24186        -0.23689
         -1.9867         0.77824        0.302373
       0.0277309       -0.855691       0.0470168
         1.14024       -0.653016       -0.634662
       -0.392461        -1.49348       -0.416477
          1.0439         3.13233        0.375316
       -0.601358       -0.899471        0.145185
        0.776349        -2.18668        -1.88712
         1.43153        -1.89779        0.953122
        -1.31153      -0.0223656         2.16093
         1.00782        0.215346       -0.205367
       -0.157555       -0.401177         2.08239
         1.04302        -1.47479        -1.42749
        0.339017         2.37714       -0.823632
         1.18804        0.682749        0.944561
        -2.49587      -0.0836798       -0.904634
         1.44421        0.755487        -1.09491
       -0.596516        0.426828         1.97454
       -0.657894         0.54454       -0.422805
        -1.36063        0.874923       -0.478709
        0.122414        -0.18337        0.718661
       -0.976061        0.528726      -0.0927679
         1.14865        0.187492      -0.0189047
        -1.25978         1.11932        -1.45935
       -0.720857         0.18222       -0.858094
         1.45688       -0.597841       -0.607986
        -1.11442         1.19335       -0.736854
        -1.70744         1.32204         0.19605
        -1.16037        0.172044         -1.2983
       -0.413699         1.74389       -0.255666
        -0.23275         0.10137         1.42445
        -1.09809       -0.302546        0.869721
       -0.298785        0.223336       0.0243504
         -1.4614        -1.70461       -0.217849
       0.0597301        -1.96459        0.592959
        -1.69332        0.629292      -0.0847255
         1.34842        0.199901        0.621163
         1.13619        0.131609         1.82669
      -0.0860507        -1.05188       -0.160567
       -0.155776        0.458517        -1.69039
       0.0161636       -0.159998       -0.939881
        0.350252        0.539207        0.737457
         0.94986        -1.23875       0.0421352
        0.245792        -1.14742        0.440565
        -1.03241       -0.175007      -0.0173218
       -0.806954        -1.52395       -0.450852
         0.74258        -0.92471       0.0147813
        0.191986        -1.80131        0.392117
       -0.596046       -0.896256       0.0588426
        0.363616        0.438091       -0.124478
        0.994573       -0.649973       -0.820501
       -0.281493       -0.297914       -0.500328
         1.47521       -0.546255        -1.13225
        -2.11449       -0.631486        0.445222
        0.304214        0.612619        -0.92564
         1.73114        0.512635        0.913796
        0.973449        0.801539       -0.228898
       -0.951452         1.60364        -1.80294
        0.510831        -1.06121       -0.116396
        -0.24931        -1.13617           1.113
        -1.94918         1.88314       -0.552808
       0.0924331         1.98451         0.74249
        0.850179        0.218385         1.36592
        -1.21572       -0.779008         2.30733
        -1.49424       -0.268158         1.43448
        -1.39191       -0.722013         1.44612
       -0.155453        -1.48336        0.395312
        -1.20524        0.993185         1.07086
       0.0500657         1.26539        -1.55989
        0.164565        -1.33939         0.54768
        -1.02481      -0.0233506        0.401418
        0.378006       -0.977546         1.53961
       -0.623968         1.13608         1.46369
        0.690072        0.507725         1.39309
        0.201563    -0.000468387        0.973738
        0.417708       -0.313427       -0.137349
       -0.200537        -0.30631        0.228882
       -0.126019        0.545397        -1.29483
