        0.457643       -0.223541       -0.874623
        -3.76499       -0.305205         1.85879
         0.70194          2.0494        -1.07215
         2.01547         2.11117       -0.669926
        0.226326        0.160135        -2.20593
        0.296007        -1.31898        0.105862
         1.79794        -1.45701         2.55615
       -0.462813        -2.05703        -1.85948
         2.48382         1.96577       -0.265024
        0.163338        0.631128      -0.0914759
        -1.41782        0.955009       -0.646372
        0.317928        0.805985         1.78251
        0.182925        0.190555        0.396099
        0.731347      -0.0837769         2.01552
        0.465314        0.898779         0.50194
         1.85264        0.513438      -0.0134315
        0.232449       -0.333562        0.770313
       -0.607184       -0.646503       -0.856673
        -1.26202       0.0891841         0.86892
        -2.65769         1.31981       0.0744089
        0.286384      -0.0591631        0.928511
         1.25684          2.4756        -1.03451
        0.140883        -1.86858         1.36055
        0.279217         1.02862       -0.358368
       -0.107253       -0.643739       -0.343074
        -1.07374       -0.204491       -0.520403
       0.0736834       -0.248378        -3.00442
          2.4393         1.33737       -0.582906
         3.09073       -0.696851        0.124594
        0.844003        -1.60908        0.626497
        0.875916         -0.7555         1.21234
         1.13587       -0.233463        -0.78877
         1.23774       -0.321203         1.04469
       -0.194005        -1.52453       -0.821733
       -0.628596         1.25562         1.97944
        0.885582        0.998565        0.790237
         -1.2868        0.603725       -0.725713
         1.78431       -0.427755        -1.48348
         -1.5339          1.8102       -0.542836
       -0.317907       -0.251626        -2.44074
        0.259287         1.21719        0.249439
        -2.06843        -1.43143        0.457315
        -1.56203         1.89248       -0.174573
        0.253271         1.14268       -0.464223
       0.0287997       -0.459135       -0.153088
        0.723602          1.3776         3.31781
        0.930195        0.752256         -1.1124
        -1.03885        -1.70734       -0.675416
         0.44857        -1.49904         1.85817
        -1.11943        0.670251        0.639476
       -0.201417        -1.03694       -0.246986
         -2.1967       -0.147991        0.485407
        0.985747       -0.604387        -1.16983
         2.11383         1.93412       -0.532816
        0.797102        0.784363        0.418725
        -1.64885        -1.46456        -2.88329
         0.21254        -2.37842        -1.26022
        0.658944         1.32509        0.345845
        0.529346       -0.675915         2.06799
       -0.337387       -0.671954       -0.165219
       -0.551412        -0.44595      -0.0255661
       -0.451539        -1.45728        -1.67282
        -2.20567       -0.419928        0.568154
        0.588615         0.30612         1.66256
       0.0305464        0.897588        -1.01154
      -0.0720868         -2.4057          1.7056
         1.18313       -0.334163        0.273077
      -0.0408942        0.935891       0.0887415
       0.0806591        -0.74541        -1.07303
       0.0944474        -1.19801        -0.29647
         1.95665        0.535563        -0.56127
       -0.649175       -0.978416       -0.523811
       -0.644446       -0.804264        0.504456
        -2.49493        0.257146         -1.4859
        0.113383      -0.0938836         1.34871
       -0.273994       -0.367317       -0.489443
         1.23236        -1.03271        0.063083
        0.289381        -2.15002         1.40953
        0.263855        -1.93071         1.51955
        0.142037       -0.299566        -1.57526
       -0.404215       -0.768286       -0.781847
       -0.406308         1.06305       -0.866412
        -1.50575        -0.62137        -1.24597
        -2.09758         2.57326        -1.06886
        0.744387       -0.767604          1.7573
        0.233858       -0.966199        -0.52874
        -1.90201        0.135673       -0.663241
        0.598556         1.55731        0.985001
       -0.191737       -0.739108       -0.152192
       -0.104466      -0.0816883        0.908289
        0.549721         1.13726        0.290381
       -0.410557         1.65267        -2.35441
        0.285815        0.862407         1.50948
        -1.38796       -0.696521         1.28804
        0.402702         1.43105        0.213871
         1.11481        -1.18786        -1.20158
        0.144153       0.0855351         3.59808
       -0.139354        0.420262       -0.159859
       -0.780323       -0.876725        0.408456
        -2.84026        -2.22404         1.40309
        -1.63204      -0.0117563       -0.760486
       -0.942239         1.78375        0.224421
        0.542101       -0.176839        -1.42969
        0.907046         -1.5404        -1.45268
        0.695696        0.933925        0.492147
        0.230246        -0.37488        0.309085
       -0.227918         1.59973       -0.376479
         1.22373         2.57944        0.429022
