        0.375867       -0.885089       -0.362612
        0.034284       -0.371529       -0.552754
       0.0737109       -0.269627        -1.60113
        -0.88561        -0.24211       -0.390474
       -0.288672       -0.853683         0.63548
       -0.546846        0.939854       -0.423368
        0.120101        0.454528       -0.364137
        -0.95538       -0.275154      -0.0562812
        0.422686       -0.400432        -1.22635
        0.627704       0.0644596        0.206116
        0.100506        0.473547       -0.426968
        0.357012      -0.0924045          0.6495
       -0.522132        0.184408       -0.450436
         0.73918        0.691647        0.680415
         1.49016        0.468519       0.0813698
         0.58603        0.012629         -1.2583
       -0.177712       -0.177367      -0.0285089
        0.654555      0.00942696        0.355474
         0.21669       -0.495727        0.228296
        0.747262         1.09439       -0.688851
     -0.00233283       0.0803667       -0.109135
        0.462721        0.317101        0.383057
        0.916959       -0.687912        -0.54452
       -0.115877        -0.76511        0.880028
         0.42722        0.781979        0.257874
        0.745765      -0.0351972        0.205638
      -0.0637527       -0.620576        0.736463
        -0.49583        -1.08653       -0.146851
        -1.29747        -0.86965       0.0178208
         1.31558        -0.84278       -0.544836
         0.46025       -0.369344        0.593102
        0.511907       -0.183131       -0.915014
        0.766402        0.154519        -0.36265
         1.08722       -0.213148       -0.519882
        0.950288       0.0951387         0.68898
       -0.692603       -0.566869         1.05271
        0.627606       -0.817306        -1.07609
         0.28736        0.104218       -0.214257
        0.362102       -0.136995       -0.387112
       -0.476087        0.342666        0.398905
       -0.292137      -0.0942625        0.824921
      -0.0353225        0.738176        -1.11862
       -0.611417       -0.166249       -0.299958
      -0.0438179        -1.24757       -0.594674
       -0.322206       -0.133827       -0.765742
        0.151938       -0.390784         1.72363
         1.12964        0.131742        0.616425
      -0.0453562        0.616724      -0.0397118
        0.152432         1.23416         0.18613
        0.527453        0.585953        -1.21622
        0.010983        0.949264       -0.463089
        0.901524        0.624444         1.38139
        0.460393        0.507996        0.965388
       -0.660476       -0.371561        0.349801
       -0.112665       -0.571947         0.27669
       -0.361618      -0.0543383       -0.131104
       -0.237819       -0.176441        0.347219
       -0.059734        0.656749    -0.000641865
         0.20923        0.295091        -0.84801
        -1.33074        -1.06968        0.748157
        0.655567         1.25938       -0.776304
         0.17801        0.388207         1.06741
        0.221026      0.00939726       -0.163346
        0.334554       -0.142092          1.2289
       -0.850807        0.219106       -0.358561
       -0.399605        0.413693        -1.21133
       -0.735535        0.531438        -1.16405
        0.417726       -0.233687       -0.405291
        0.411455         1.18766         1.01697
       -0.300954        0.590231        -1.15306
         0.43213       0.0308603       -0.209167
       -0.464879       0.0774636        0.273917
       -0.313147       -0.960073        0.769786
        0.499608        0.446144        0.307409
       -0.806377       -0.407064        0.164772
        0.598616         1.17684        0.834402
        0.575644       -0.199761         0.37565
        0.416185        0.520024        0.452367
        -1.11205       -0.818839       -0.485026
       -0.166844       -0.356382       -0.185741
         0.58119       -0.257695       -0.923731
      -0.0742152        0.684676        0.232042
         0.11991        0.623434       -0.172241
       -0.702227       0.0970845        0.198093
        0.126333         1.20078         1.30795
         1.03815       -0.568357       -0.365878
        -0.04268      -0.0625196         1.13898
       -0.429841        -1.73128       0.0743584
        0.238931       -0.723441        0.433961
       -0.126411         1.03239        0.319686
        -0.56611         0.30243        0.463052
       -0.757369       -0.785069       0.0584193
        -1.25829      -0.0345535         0.17258
       -0.761342       -0.485235       -0.644827
       -0.222375        0.338091       0.0185217
       -0.367818        -1.03853        0.439381
        -0.24644       -0.558613       -0.331006
       -0.344236       -0.245322        0.437555
       -0.316638       -0.249395       -0.241671
       -0.578442           0.562        -1.04445
        0.733097      -0.0464799      -0.0705488
         -1.0901       -0.672032       0.0369196
        -1.41841        0.364666       -0.732954
       -0.269057        0.976243        0.883224
       -0.512179         0.36878        0.434135
        0.411905        0.272487       -0.375719
        -1.19379      -0.0961072        0.324974
       0.0610068      -0.0763484        0.206795
